<?xml version="1.0" encoding="UTF-8"?>
<testng-results ignored="0" total="2" passed="2" failed="0" skipped="0">
  <reporter-output>
  </reporter-output>
  <suite started-at="2020-06-24T08:33:32 IST" name="Default suite" finished-at="2020-06-24T08:33:32 IST" duration-ms="222">
    <groups>
    </groups>
    <test started-at="2020-06-24T08:33:32 IST" name="Default test" finished-at="2020-06-24T08:33:32 IST" duration-ms="222">
      <class name="com.maths.MathOpr">
        <test-method signature="Sub()[pri:0, instance:com.maths.MathOpr@6ab7a896]" started-at="2020-06-24T08:33:32 IST" name="Sub" finished-at="2020-06-24T08:33:32 IST" duration-ms="41" status="PASS">
          <reporter-output>
          </reporter-output>
        </test-method> <!-- Sub -->
        <test-method signature="div()[pri:0, instance:com.maths.MathOpr@6ab7a896]" started-at="2020-06-24T08:33:32 IST" name="div" finished-at="2020-06-24T08:33:32 IST" duration-ms="19" status="PASS">
          <reporter-output>
          </reporter-output>
        </test-method> <!-- div -->
      </class> <!-- com.maths.MathOpr -->
    </test> <!-- Default test -->
  </suite> <!-- Default suite -->
</testng-results>
